TN:
SF:D:\jamarquez\dev\nodejs\platziverse\platziverse-db\index.js
FN:8,(anonymous_0)
FNF:1
FNH:1
FNDA:3,(anonymous_0)
DA:3,3
DA:4,3
DA:5,3
DA:6,3
DA:8,3
DA:9,3
DA:21,3
DA:22,3
DA:23,3
DA:25,3
DA:26,3
DA:28,3
DA:30,3
DA:31,0
DA:33,3
DA:34,3
DA:36,3
LF:17
LH:16
BRDA:30,0,0,0
BRDA:30,0,1,3
BRF:2
BRH:1
end_of_record
TN:
SF:D:\jamarquez\dev\nodejs\platziverse\platziverse-db\lib\db.js
FN:6,setupDatabase
FNF:1
FNH:1
FNDA:3,setupDatabase
DA:3,1
DA:4,1
DA:6,1
DA:7,3
DA:8,1
DA:10,3
LF:6
LH:6
BRDA:7,0,0,1
BRDA:7,0,1,2
BRF:2
BRH:2
end_of_record
TN:
SF:D:\jamarquez\dev\nodejs\platziverse\platziverse-db\models\agent.js
FN:6,setupAgentModel
FNF:1
FNH:0
FNDA:0,setupAgentModel
DA:3,1
DA:4,1
DA:6,1
DA:7,0
DA:9,0
LF:5
LH:3
BRF:0
BRH:0
end_of_record
TN:
SF:D:\jamarquez\dev\nodejs\platziverse\platziverse-db\models\metric.js
FN:6,setupMetricModel
FNF:1
FNH:0
FNDA:0,setupMetricModel
DA:3,1
DA:4,1
DA:6,1
DA:7,0
DA:9,0
LF:5
LH:3
BRF:0
BRH:0
end_of_record
TN:
SF:D:\jamarquez\dev\nodejs\platziverse\platziverse-db\tests\agent-tests.js
FN:8,(anonymous_4)
FN:19,(anonymous_5)
FN:26,(anonymous_6)
FN:27,(anonymous_7)
FN:33,(anonymous_8)
FN:37,(anonymous_9)
FN:41,(anonymous_10)
FN:45,(anonymous_11)
FNF:8
FNH:8
FNDA:3,(anonymous_4)
FNDA:3,(anonymous_5)
FNDA:3,(anonymous_6)
FNDA:3,(anonymous_7)
FNDA:3,(anonymous_8)
FNDA:1,(anonymous_9)
FNDA:1,(anonymous_10)
FNDA:1,(anonymous_11)
DA:3,1
DA:4,1
DA:5,1
DA:7,1
DA:11,1
DA:15,1
DA:16,1
DA:17,1
DA:19,1
DA:20,3
DA:21,3
DA:25,3
DA:26,3
DA:27,3
DA:30,3
DA:33,1
DA:34,3
DA:37,1
DA:38,1
DA:41,1
DA:42,1
DA:45,4
DA:46,1
DA:47,1
DA:48,1
DA:49,1
LF:26
LH:26
BRDA:34,0,0,3
BRDA:34,0,1,3
BRF:2
BRH:2
end_of_record
