TN:
SF:D:\jamarquez\dev\nodejs\platziverse\platziverse-db\index.js
FN:8,(anonymous_0)
FNF:1
FNH:1
FNDA:2,(anonymous_0)
DA:3,1
DA:4,1
DA:5,1
DA:6,1
DA:8,1
DA:9,2
DA:21,2
DA:22,2
DA:23,2
DA:25,2
DA:26,2
DA:28,2
DA:30,2
DA:31,0
DA:33,2
DA:34,2
DA:36,2
LF:17
LH:16
BRDA:30,0,0,0
BRDA:30,0,1,2
BRF:2
BRH:1
end_of_record
TN:
SF:D:\jamarquez\dev\nodejs\platziverse\platziverse-db\lib\db.js
FN:6,setupDatabase
FNF:1
FNH:1
FNDA:6,setupDatabase
DA:3,1
DA:4,1
DA:6,1
DA:7,6
DA:8,1
DA:10,6
LF:6
LH:6
BRDA:7,0,0,1
BRDA:7,0,1,5
BRF:2
BRH:2
end_of_record
TN:
SF:D:\jamarquez\dev\nodejs\platziverse\platziverse-db\models\agent.js
FN:6,setupAgentModel
FNF:1
FNH:1
FNDA:2,setupAgentModel
DA:3,1
DA:4,1
DA:6,1
DA:7,2
DA:9,2
LF:5
LH:5
BRF:0
BRH:0
end_of_record
TN:
SF:D:\jamarquez\dev\nodejs\platziverse\platziverse-db\models\metric.js
FN:6,setupMetricModel
FNF:1
FNH:1
FNDA:2,setupMetricModel
DA:3,1
DA:4,1
DA:6,1
DA:7,2
DA:9,2
LF:5
LH:5
BRF:0
BRH:0
end_of_record
TN:
SF:D:\jamarquez\dev\nodejs\platziverse\platziverse-db\tests\agent-tests.js
FN:7,(anonymous_4)
FN:10,(anonymous_5)
FN:16,(anonymous_6)
FN:20,(anonymous_7)
FNF:4
FNH:4
FNDA:2,(anonymous_4)
FNDA:2,(anonymous_5)
FNDA:1,(anonymous_6)
FNDA:1,(anonymous_7)
DA:3,1
DA:5,1
DA:6,1
DA:10,1
DA:11,2
DA:13,2
DA:16,1
DA:17,1
DA:20,1
DA:21,1
LF:10
LH:10
BRF:0
BRH:0
end_of_record
